2025-10-19 15:26:40.458 ChronosApp[64480:12266228] _setUpFeatureFlags called with release level 2
*** Terminating app due to uncaught exception 'RCTFatalException: Unhandled JS Exception: Error: Failed to create a new MMKV instance: react-native-mmkv 3.x.x requires TurboModules, but the new architecture is not enabled!
* Downgrade to react-native-mmkv 2.x.x if you want to stay on the old architecture.
* Enable the new architecture in your app to use react-native-mmkv 3.x.x. (See https://github.com/reactwg/react-native-new-architecture/blob/main/docs/enable-apps.md)', reason: 'Unhandled JS Exception: Error: Failed to create a new MMKV instance: react-native-mmkv 3.x.x requires TurboModules, but the new architecture is not enabled!
* Downgrade to rea..., stack:
anonymous@159:100
r@157:333
p@542:296
u@542:934
anonymous@540:332
anonymous@539:176
t@536:418
anonymous@533:1317
h@2:1856
d@2:1239
i@2:548
anonymous@530:2032
anonymous@530:3206
Ei@306:89317
ru@306:101486
ru@306:101472
ru@306:101776
ru@306:101776
ru@306:101472
ru@306:101776
ru@306:101472
ru@306:101776
ru@306:101776
ru@306:101776
ru@306:101776
ru@306:101776
ru@306:101776
ru@306:101472
ru@306:101776
ru@306:101472
ru@306:101472
ru@306:101472
ru@306:101776
ru@306:101776
ru@306:101472
ru@306:101472
tu@306:101220
nu@306:100460
tu@306:100613
nu@306:100460
tu@306:100556
nu@306:100460
tu@306:100556
nu@306:100460
tu@306:100613
nu@306:100460
tu@306:100613
nu@306:100460
tu@306:100613
nu@306:100460
tu@306:100613
nu@306:100460
tu@306:100613
nu@306:100460
tu@306:100556
nu@306:100460
tu@306:100613
nu@306:100460
tu@306:100556
nu@306:100460
tu@306:100613
nu@306:100460
tu@306:100556
nu@306:100460
tu@306:100613
nu@306:100460
tu@306:100556
nu@306:100460
tu@306:100556
nu@306:100460
tu@306:100613
nu@306:100460
tu@306:100556
nu@306:100460
tu@306:100613
nu@306:100460
tu@306:100556
nu@306:100460
tu@306:100613
nu@306:100460
tu@306:100638
wo@306:112176
ko@306:111912
Bt@306:32738
Qt@306:31150
Xu@306:104509
Vo@306:117749
anonymous@306:120559
anonymous@120:1165
anonymous@261:820
anonymous@256:2741
anonymous@256:1358
value@46:4010
anonymous@46:803
value@46:2633
value@46:775
'
*** First throw call stack:
(
	0   CoreFoundation                      0x00000001804c9690 __exceptionPreprocess + 172
	1   libobjc.A.dylib                     0x00000001800937cc objc_exception_throw + 72
	2   ChronosApp                          0x0000000100b3e214 RCTFormatError + 0
	3   ChronosApp                          0x0000000100baedd0 -[RCTExceptionsManager reportFatal:stack:exceptionId:extraDataAsJSON:] + 484
	4   ChronosApp                          0x0000000100baf80c -[RCTExceptionsManager reportException:] + 2292
	5   CoreFoundation                      0x00000001804cffe0 __invoking___ + 144
	6   CoreFoundation                      0x00000001804cd178 -[NSInvocation invoke] + 276
	7   CoreFoundation                      0x00000001804cd3fc -[NSInvocation invokeWithTarget:] + 60
	8   ChronosApp                          0x0000000100b6fe88 -[RCTModuleMethod invokeWithBridge:module:arguments:] + 376
	9   ChronosApp                          0x0000000100b71fcc _ZN8facebook5reactL11invokeInnerEP9RCTBridgeP13RCTModuleDatajRKN5folly7dynamicEiN12_GLOBAL__N_117SchedulingContextE + 452
	10  ChronosApp                          0x0000000100b71c30 ___ZN8facebook5react15RCTNativeModule6invokeEjON5folly7dynamicEi_block_invoke + 108
	11  libdispatch.dylib                   0x000000018017c788 _dispatch_call_block_and_release + 24
	12  libdispatch.dylib                   0x0000000180197278 _dispatch_client_callout + 12
	13  libdispatch.dylib                   0x0000000180185ad0 _dispatch_lane_serial_drain + 984
	14  libdispatch.dylib                   0x0000000180186590 _dispatch_lane_invoke + 396
	15  libdispatch.dylib                   0x0000000180191380 _dispatch_root_queue_drain_deferred_wlh + 288
	16  libdispatch.dylib                   0x00000001801909f4 _dispatch_workloop_worker_thread + 440
	17  libsystem_pthread.dylib             0x0000000101502bcc _pthread_wqthread + 288
	18  libsystem_pthread.dylib             0x000000010150198c start_wqthread + 8
)
libc++abi: terminating due to uncaught exception of type NSException
com.lerning000.chronos: 64480
